Determining if the pthread_create exist failed with the following output:
Change Dir: /home/pedro/Documentos/UnB/4_Semestre/Metodos_de_programacao/Trabalhos/Trabalho_01/CMakeFiles/CMakeTmp

Run Build Command:"/usr/bin/make" "cmTC_27163/fast"
/usr/bin/make -f CMakeFiles/cmTC_27163.dir/build.make CMakeFiles/cmTC_27163.dir/build
make[1]: Entering directory '/home/pedro/Documentos/UnB/4_Semestre/Metodos_de_programacao/Trabalhos/Trabalho_01/CMakeFiles/CMakeTmp'
Building C object CMakeFiles/cmTC_27163.dir/CheckSymbolExists.c.o
/usr/bin/cc    -o CMakeFiles/cmTC_27163.dir/CheckSymbolExists.c.o   -c /home/pedro/Documentos/UnB/4_Semestre/Metodos_de_programacao/Trabalhos/Trabalho_01/CMakeFiles/CMakeTmp/CheckSymbolExists.c
Linking C executable cmTC_27163
/usr/bin/cmake -E cmake_link_script CMakeFiles/cmTC_27163.dir/link.txt --verbose=1
/usr/bin/cc      CMakeFiles/cmTC_27163.dir/CheckSymbolExists.c.o  -o cmTC_27163 
CMakeFiles/cmTC_27163.dir/CheckSymbolExists.c.o: Na função "main":
CheckSymbolExists.c:(.text+0x1b): referência não definida para "pthread_create"
collect2: error: ld returned 1 exit status
CMakeFiles/cmTC_27163.dir/build.make:97: recipe for target 'cmTC_27163' failed
make[1]: *** [cmTC_27163] Error 1
make[1]: Leaving directory '/home/pedro/Documentos/UnB/4_Semestre/Metodos_de_programacao/Trabalhos/Trabalho_01/CMakeFiles/CMakeTmp'
Makefile:126: recipe for target 'cmTC_27163/fast' failed
make: *** [cmTC_27163/fast] Error 2

File /home/pedro/Documentos/UnB/4_Semestre/Metodos_de_programacao/Trabalhos/Trabalho_01/CMakeFiles/CMakeTmp/CheckSymbolExists.c:
/* */
#include <pthread.h>

int main(int argc, char** argv)
{
  (void)argv;
#ifndef pthread_create
  return ((int*)(&pthread_create))[argc];
#else
  (void)argc;
  return 0;
#endif
}

Determining if the function pthread_create exists in the pthreads failed with the following output:
Change Dir: /home/pedro/Documentos/UnB/4_Semestre/Metodos_de_programacao/Trabalhos/Trabalho_01/CMakeFiles/CMakeTmp

Run Build Command:"/usr/bin/make" "cmTC_a16b6/fast"
/usr/bin/make -f CMakeFiles/cmTC_a16b6.dir/build.make CMakeFiles/cmTC_a16b6.dir/build
make[1]: Entering directory '/home/pedro/Documentos/UnB/4_Semestre/Metodos_de_programacao/Trabalhos/Trabalho_01/CMakeFiles/CMakeTmp'
Building C object CMakeFiles/cmTC_a16b6.dir/CheckFunctionExists.c.o
/usr/bin/cc   -DCHECK_FUNCTION_EXISTS=pthread_create   -o CMakeFiles/cmTC_a16b6.dir/CheckFunctionExists.c.o   -c /usr/share/cmake-3.10/Modules/CheckFunctionExists.c
Linking C executable cmTC_a16b6
/usr/bin/cmake -E cmake_link_script CMakeFiles/cmTC_a16b6.dir/link.txt --verbose=1
/usr/bin/cc  -DCHECK_FUNCTION_EXISTS=pthread_create    CMakeFiles/cmTC_a16b6.dir/CheckFunctionExists.c.o  -o cmTC_a16b6 -lpthreads 
/usr/bin/ld: não foi possível localizar -lpthreads
collect2: error: ld returned 1 exit status
CMakeFiles/cmTC_a16b6.dir/build.make:97: recipe for target 'cmTC_a16b6' failed
make[1]: *** [cmTC_a16b6] Error 1
make[1]: Leaving directory '/home/pedro/Documentos/UnB/4_Semestre/Metodos_de_programacao/Trabalhos/Trabalho_01/CMakeFiles/CMakeTmp'
Makefile:126: recipe for target 'cmTC_a16b6/fast' failed
make: *** [cmTC_a16b6/fast] Error 2


